TN:
SF:src/config/database.js
FN:4,(anonymous_0)
FNF:1
FNH:0
FNDA:0,(anonymous_0)
DA:1,1
DA:2,1
DA:4,1
DA:5,0
DA:6,0
DA:10,0
DA:12,0
DA:13,0
DA:17,1
LF:9
LH:4
BRF:0
BRH:0
end_of_record
TN:
SF:src/config/passport.js
FN:10,(anonymous_0)
FN:12,(anonymous_1)
FNF:2
FNH:2
FNDA:12,(anonymous_0)
FNDA:3,(anonymous_1)
DA:1,1
DA:2,1
DA:3,1
DA:5,1
DA:10,1
DA:11,12
DA:13,3
DA:14,3
DA:15,2
DA:16,1
DA:18,1
DA:20,1
LF:12
LH:12
BRDA:15,0,0,1
BRDA:15,0,1,1
BRF:2
BRH:2
end_of_record
TN:
SF:src/config/redis.js
FN:9,(anonymous_0)
FN:13,(anonymous_1)
FNF:2
FNH:1
FNDA:0,(anonymous_0)
FNDA:1,(anonymous_1)
DA:1,1
DA:2,1
DA:4,1
DA:9,1
DA:10,0
DA:13,1
DA:14,1
DA:17,1
LF:8
LH:7
BRDA:4,0,0,1
BRDA:4,0,1,0
BRF:2
BRH:1
end_of_record
TN:
SF:src/controllers/fileController.js
FN:11,(anonymous_0)
FN:60,(anonymous_1)
FN:77,(anonymous_2)
FN:99,(anonymous_3)
FN:121,(anonymous_4)
FN:151,(anonymous_5)
FN:182,(anonymous_6)
FN:193,(anonymous_7)
FNF:8
FNH:7
FNDA:4,(anonymous_0)
FNDA:2,(anonymous_1)
FNDA:3,(anonymous_2)
FNDA:0,(anonymous_3)
FNDA:3,(anonymous_4)
FNDA:3,(anonymous_5)
FNDA:2,(anonymous_6)
FNDA:2,(anonymous_7)
DA:1,1
DA:2,1
DA:3,1
DA:4,1
DA:5,1
DA:7,1
DA:8,1
DA:11,1
DA:12,4
DA:13,4
DA:14,1
DA:17,3
DA:19,3
DA:21,1
DA:23,1
DA:32,1
DA:39,2
DA:48,2
DA:50,1
DA:55,1
DA:60,1
DA:61,2
DA:62,2
DA:70,1
DA:72,1
DA:77,1
DA:78,3
DA:79,3
DA:81,3
DA:82,1
DA:86,2
DA:89,1
DA:92,1
DA:94,0
DA:99,1
DA:100,0
DA:101,0
DA:103,0
DA:104,0
DA:108,0
DA:111,0
DA:114,0
DA:116,0
DA:121,1
DA:122,3
DA:123,3
DA:124,3
DA:126,3
DA:127,1
DA:130,2
DA:131,1
DA:134,1
DA:135,0
DA:138,1
DA:139,1
DA:141,1
DA:146,0
DA:151,1
DA:152,3
DA:153,3
DA:155,3
DA:156,1
DA:159,2
DA:160,1
DA:164,1
DA:165,1
DA:167,1
DA:172,1
DA:174,1
DA:176,0
DA:177,0
DA:182,1
DA:183,2
DA:184,2
DA:185,2
DA:186,1
DA:188,1
DA:193,1
DA:194,2
DA:195,2
DA:196,2
DA:214,1
DA:216,1
LF:83
LH:70
BRDA:13,0,0,1
BRDA:13,0,1,3
BRDA:19,1,0,1
BRDA:19,1,1,2
BRDA:81,2,0,1
BRDA:81,2,1,2
BRDA:86,3,0,1
BRDA:86,3,1,1
BRDA:86,4,0,2
BRDA:86,4,1,2
BRDA:86,4,2,1
BRDA:103,5,0,0
BRDA:103,5,1,0
BRDA:108,6,0,0
BRDA:108,6,1,0
BRDA:108,7,0,0
BRDA:108,7,1,0
BRDA:108,7,2,0
BRDA:126,8,0,1
BRDA:126,8,1,2
BRDA:130,9,0,1
BRDA:130,9,1,1
BRDA:134,10,0,0
BRDA:134,10,1,1
BRDA:155,11,0,1
BRDA:155,11,1,2
BRDA:159,12,0,1
BRDA:159,12,1,1
BRF:28
BRH:20
end_of_record
TN:
SF:src/controllers/userController.js
FN:6,(anonymous_0)
FN:60,(anonymous_1)
FN:99,(anonymous_2)
FN:109,(anonymous_3)
FNF:4
FNH:4
FNDA:4,(anonymous_0)
FNDA:4,(anonymous_1)
FNDA:2,(anonymous_2)
FNDA:3,(anonymous_3)
DA:1,1
DA:2,1
DA:3,1
DA:6,1
DA:7,4
DA:8,4
DA:9,4
DA:10,1
DA:13,3
DA:16,3
DA:20,2
DA:21,1
DA:27,1
DA:34,1
DA:37,1
DA:43,1
DA:55,1
DA:60,1
DA:61,4
DA:62,4
DA:65,4
DA:66,3
DA:67,1
DA:71,2
DA:72,2
DA:73,1
DA:77,1
DA:83,1
DA:94,1
DA:99,1
DA:100,2
DA:101,2
DA:102,1
DA:104,1
DA:109,1
DA:110,3
DA:111,3
DA:112,3
DA:114,3
DA:115,3
DA:116,3
DA:118,3
DA:124,0
DA:129,3
LF:44
LH:43
BRDA:9,0,0,1
BRDA:9,0,1,3
BRDA:20,1,0,1
BRDA:20,1,1,1
BRDA:31,2,0,1
BRDA:31,2,1,0
BRDA:66,3,0,1
BRDA:66,3,1,2
BRDA:72,4,0,1
BRDA:72,4,1,1
BRDA:114,5,0,3
BRDA:114,5,1,0
BRDA:115,6,0,2
BRDA:115,6,1,1
BRDA:116,7,0,3
BRDA:116,7,1,0
BRF:16
BRH:13
end_of_record
TN:
SF:src/middlewares/auth.js
FN:4,(anonymous_0)
FN:27,(anonymous_1)
FNF:2
FNH:2
FNDA:8,(anonymous_0)
FNDA:6,(anonymous_1)
DA:1,1
DA:2,1
DA:4,1
DA:5,8
DA:6,8
DA:8,8
DA:9,1
DA:12,7
DA:13,6
DA:15,5
DA:16,1
DA:19,4
DA:20,4
DA:21,4
DA:23,4
DA:27,1
DA:28,6
DA:29,6
DA:30,3
DA:32,2
DA:34,4
DA:38,1
LF:22
LH:22
BRDA:8,0,0,1
BRDA:8,0,1,7
BRDA:15,1,0,1
BRDA:15,1,1,4
BRDA:29,2,0,3
BRDA:29,2,1,2
BRF:6
BRH:6
end_of_record
TN:
SF:src/middlewares/upload.js
FN:7,(anonymous_0)
FN:10,(anonymous_1)
FN:18,(anonymous_2)
FNF:3
FNH:0
FNDA:0,(anonymous_0)
FNDA:0,(anonymous_1)
FNDA:0,(anonymous_2)
DA:1,1
DA:2,1
DA:3,1
DA:6,1
DA:8,0
DA:12,0
DA:13,0
DA:18,1
DA:20,0
DA:23,1
DA:31,1
LF:11
LH:7
BRDA:8,0,0,0
BRDA:8,0,1,0
BRF:2
BRH:0
end_of_record
TN:
SF:src/models/File.js
FN:52,(anonymous_0)
FNF:1
FNH:0
FNDA:0,(anonymous_0)
DA:1,7
DA:3,7
DA:52,7
DA:53,0
DA:54,0
DA:57,7
DA:59,7
LF:7
LH:5
BRF:0
BRH:0
end_of_record
TN:
SF:src/models/User.js
FN:38,(anonymous_0)
FN:51,(anonymous_1)
FNF:2
FNH:1
FNDA:0,(anonymous_0)
FNDA:3,(anonymous_1)
DA:1,9
DA:2,9
DA:4,9
DA:38,9
DA:39,0
DA:41,0
DA:42,0
DA:43,0
DA:44,0
DA:46,0
DA:51,9
DA:52,3
DA:55,9
DA:57,9
LF:14
LH:8
BRDA:39,0,0,0
BRDA:39,0,1,0
BRF:2
BRH:0
end_of_record
TN:
SF:src/routes/auth.routes.js
FN:7,(anonymous_0)
FN:26,(anonymous_1)
FNF:2
FNH:2
FNDA:4,(anonymous_0)
FNDA:7,(anonymous_1)
DA:1,1
DA:2,1
DA:3,1
DA:4,1
DA:5,1
DA:7,1
DA:8,4
DA:9,4
DA:10,4
DA:12,4
DA:13,1
DA:16,3
DA:17,3
DA:19,1
DA:21,2
DA:22,2
DA:26,1
DA:27,7
DA:28,7
DA:29,7
DA:31,5
DA:32,2
DA:35,1
DA:39,1
DA:41,4
DA:42,4
DA:47,1
LF:27
LH:27
BRDA:12,0,0,1
BRDA:12,0,1,3
BRDA:31,1,0,2
BRDA:31,1,1,1
BRDA:31,2,0,5
BRDA:31,2,1,4
BRF:6
BRH:6
end_of_record
TN:
SF:src/services/fileService.js
FN:8,(anonymous_0)
FN:14,(anonymous_1)
FN:23,(anonymous_2)
FN:39,(anonymous_3)
FN:46,(anonymous_4)
FN:77,(anonymous_5)
FN:93,(anonymous_6)
FN:110,(anonymous_7)
FN:117,(anonymous_8)
FN:128,(anonymous_9)
FNF:10
FNH:8
FNDA:1,(anonymous_0)
FNDA:0,(anonymous_1)
FNDA:4,(anonymous_2)
FNDA:2,(anonymous_3)
FNDA:0,(anonymous_4)
FNDA:1,(anonymous_5)
FNDA:1,(anonymous_6)
FNDA:2,(anonymous_7)
FNDA:1,(anonymous_8)
FNDA:2,(anonymous_9)
DA:1,1
DA:2,1
DA:3,1
DA:4,1
DA:5,1
DA:9,1
DA:10,1
DA:11,1
DA:15,0
DA:16,0
DA:18,0
DA:19,0
DA:24,4
DA:25,1
DA:28,3
DA:29,1
DA:32,2
DA:33,1
DA:36,1
DA:40,2
DA:41,2
DA:42,2
DA:43,2
DA:47,0
DA:49,0
DA:50,0
DA:52,0
DA:53,0
DA:55,0
DA:64,0
DA:65,0
DA:68,0
DA:69,0
DA:71,0
DA:73,0
DA:78,1
DA:79,1
DA:80,1
DA:83,0
DA:84,0
DA:85,0
DA:86,0
DA:88,0
DA:89,0
DA:94,1
DA:103,1
DA:104,1
DA:107,0
DA:111,2
DA:112,2
DA:113,0
DA:116,2
DA:117,1
DA:119,1
DA:120,1
DA:124,2
DA:125,2
DA:129,2
DA:131,2
DA:139,2
DA:140,1
DA:150,2
DA:151,1
DA:154,2
DA:155,2
DA:157,2
DA:165,2
DA:176,1
LF:68
LH:44
BRDA:9,0,0,1
BRDA:9,0,1,1
BRDA:10,1,0,1
BRDA:10,1,1,0
BRDA:24,2,0,1
BRDA:24,2,1,3
BRDA:28,3,0,1
BRDA:28,3,1,2
BRDA:32,4,0,1
BRDA:32,4,1,1
BRDA:79,5,0,1
BRDA:79,5,1,0
BRDA:103,6,0,1
BRDA:103,6,1,0
BRDA:112,7,0,0
BRDA:112,7,1,2
BRDA:116,8,0,1
BRDA:116,8,1,1
BRDA:119,9,0,1
BRDA:119,9,1,0
BRDA:128,10,0,0
BRDA:128,11,0,0
BRDA:129,12,0,2
BRDA:129,13,0,2
BRDA:129,14,0,1
BRDA:129,15,0,1
BRDA:139,16,0,1
BRDA:139,16,1,1
BRDA:150,17,0,1
BRDA:150,17,1,1
BRDA:154,18,0,2
BRDA:154,18,1,0
BRF:32
BRH:24
end_of_record
TN:
SF:src/services/queueService.js
FN:5,(anonymous_0)
FN:14,(anonymous_1)
FN:15,(anonymous_2)
FN:19,(anonymous_3)
FN:30,(anonymous_4)
FN:41,(anonymous_5)
FN:52,(anonymous_6)
FNF:7
FNH:1
FNDA:3,(anonymous_0)
FNDA:0,(anonymous_1)
FNDA:0,(anonymous_2)
FNDA:0,(anonymous_3)
FNDA:0,(anonymous_4)
FNDA:0,(anonymous_5)
FNDA:0,(anonymous_6)
DA:1,3
DA:2,3
DA:6,3
DA:9,3
DA:10,3
DA:11,3
DA:12,3
DA:14,3
DA:15,3
DA:20,0
DA:21,0
DA:22,0
DA:24,0
DA:25,0
DA:31,0
DA:32,0
DA:33,0
DA:35,0
DA:36,0
DA:42,0
DA:43,0
DA:44,0
DA:46,0
DA:47,0
DA:53,0
DA:54,0
DA:55,0
DA:57,0
DA:58,0
DA:63,3
LF:30
LH:10
BRDA:33,0,0,0
BRDA:33,0,1,0
BRDA:55,1,0,0
BRDA:55,1,1,0
BRF:4
BRH:0
end_of_record
TN:
SF:src/tests/utils/testHelpers.js
FN:21,(anonymous_0)
FN:29,createTestFile
FN:37,cleanupTestFiles
FN:48,setupTestDB
FN:59,teardownTestDB
FN:69,clearTestDB
FN:77,registerTestUser
FN:91,loginTestUser
FN:107,uploadTestFile
FN:113,(anonymous_9)
FN:131,expectSuccessResponse
FN:136,expectErrorResponse
FN:141,expectValidationError
FN:145,expectAuthenticationError
FN:149,expectAuthorizationError
FN:153,expectNotFoundError
FN:158,(anonymous_16)
FN:176,(anonymous_17)
FN:196,(anonymous_18)
FN:203,(anonymous_19)
FN:209,(anonymous_20)
FN:221,(anonymous_21)
FN:230,(anonymous_22)
FN:235,(anonymous_23)
FNF:24
FNH:3
FNDA:0,(anonymous_0)
FNDA:0,createTestFile
FNDA:3,cleanupTestFiles
FNDA:4,setupTestDB
FNDA:4,teardownTestDB
FNDA:0,clearTestDB
FNDA:0,registerTestUser
FNDA:0,loginTestUser
FNDA:0,uploadTestFile
FNDA:0,(anonymous_9)
FNDA:0,expectSuccessResponse
FNDA:0,expectErrorResponse
FNDA:0,expectValidationError
FNDA:0,expectAuthenticationError
FNDA:0,expectAuthorizationError
FNDA:0,expectNotFoundError
FNDA:0,(anonymous_16)
FNDA:0,(anonymous_17)
FNDA:0,(anonymous_18)
FNDA:0,(anonymous_19)
FNDA:0,(anonymous_20)
FNDA:0,(anonymous_21)
FNDA:0,(anonymous_22)
FNDA:0,(anonymous_23)
DA:1,4
DA:2,4
DA:3,4
DA:4,4
DA:5,4
DA:6,4
DA:7,4
DA:8,4
DA:9,4
DA:10,4
DA:11,4
DA:14,4
DA:15,4
DA:18,4
DA:21,4
DA:30,0
DA:31,0
DA:32,0
DA:33,0
DA:38,3
DA:39,3
DA:41,0
DA:49,4
DA:50,4
DA:51,4
DA:52,4
DA:54,4
DA:55,4
DA:60,4
DA:61,4
DA:62,4
DA:64,0
DA:65,0
DA:70,0
DA:71,0
DA:72,0
DA:78,0
DA:79,0
DA:80,0
DA:86,0
DA:87,0
DA:92,0
DA:93,0
DA:97,0
DA:102,0
DA:103,0
DA:108,0
DA:109,0
DA:110,0
DA:113,0
DA:114,0
DA:117,0
DA:123,0
DA:125,0
DA:126,0
DA:132,0
DA:133,0
DA:137,0
DA:138,0
DA:142,0
DA:146,0
DA:150,0
DA:154,0
DA:158,4
DA:159,0
DA:166,0
DA:171,0
DA:172,0
DA:176,4
DA:177,0
DA:186,0
DA:191,0
DA:192,0
DA:196,4
DA:197,0
DA:203,4
DA:204,0
DA:205,0
DA:209,4
DA:210,0
DA:217,0
DA:221,4
DA:222,0
DA:223,0
DA:224,0
DA:225,0
DA:226,0
DA:230,4
DA:231,0
DA:235,4
DA:236,0
DA:237,0
DA:238,0
DA:239,0
DA:244,4
LF:95
LH:35
BRDA:14,0,0,4
BRDA:14,0,1,4
BRDA:21,1,0,0
BRDA:29,2,0,0
BRDA:29,3,0,0
BRDA:77,4,0,0
BRDA:86,5,0,0
BRDA:86,5,1,0
BRDA:102,6,0,0
BRDA:102,6,1,0
BRDA:107,7,0,0
BRDA:125,8,0,0
BRDA:125,8,1,0
BRDA:158,9,0,0
BRDA:176,10,0,0
BRDA:182,11,0,0
BRDA:182,11,1,0
BRDA:209,12,0,0
BRDA:230,13,0,0
BRDA:236,14,0,0
BRDA:236,14,1,0
BRF:21
BRH:2
end_of_record
TN:
SF:src/utils/logger.js
FNF:0
FNH:0
LF:0
LH:0
BRF:0
BRH:0
end_of_record
TN:
SF:src/utils/validators.js
FNF:0
FNH:0
LF:0
LH:0
BRF:0
BRH:0
end_of_record
